android/app/build/intermediates/manifest_merge_blame_file/debug/processDebugMainManifest/manifest-merger-blame-debug-report.txt
1<?xml version="1.0" encoding="utf-8"?>
2<manifest xmlns:android="http://schemas.android.com/apk/res/android"
3    package="com.jarvis.hud"
4    android:versionCode="1"
5    android:versionName="1.0" >
6
7    <uses-sdk
8        android:minSdkVersion="23"
9        android:targetSdkVersion="29" />
10
11    <uses-permission android:name="android.permission.CAMERA" />
11-->src/main/AndroidManifest.xml:3:5-65
11-->src/main/AndroidManifest.xml:3:22-62
12    <uses-permission android:name="android.permission.INTERNET" />
12-->src/main/AndroidManifest.xml:4:5-67
12-->src/main/AndroidManifest.xml:4:22-64
13
14    <application
14-->src/main/AndroidManifest.xml:6:5-25:19
15        android:allowBackup="false"
15-->src/main/AndroidManifest.xml:11:9-36
16        android:debuggable="true"
17        android:extractNativeLibs="false"
18        android:hardwareAccelerated="true"
18-->src/main/AndroidManifest.xml:10:9-43
19        android:label="JARVIS"
19-->src/main/AndroidManifest.xml:8:9-31
20        android:theme="@style/AppTheme"
20-->src/main/AndroidManifest.xml:7:9-40
21        android:usesCleartextTraffic="true" >
21-->src/main/AndroidManifest.xml:9:9-44
22        <activity
22-->src/main/AndroidManifest.xml:13:9-23:20
23            android:name="com.jarvis.hud.MainActivity"
23-->src/main/AndroidManifest.xml:14:13-41
24            android:exported="true"
24-->src/main/AndroidManifest.xml:16:13-36
25            android:screenOrientation="portrait" >
25-->src/main/AndroidManifest.xml:15:13-49
26            <intent-filter>
26-->src/main/AndroidManifest.xml:18:13-21:29
27                <action android:name="android.intent.action.MAIN" />
27-->src/main/AndroidManifest.xml:19:17-69
27-->src/main/AndroidManifest.xml:19:25-66
28
29                <category android:name="android.intent.category.LAUNCHER" />
29-->src/main/AndroidManifest.xml:20:17-77
29-->src/main/AndroidManifest.xml:20:27-74
30            </intent-filter>
31        </activity>
32    </application>
33
34</manifest>